<?xml version="1.0" encoding="UTF-8"?>
<testsuite xmlns:xsi="http://www.w3.org/2001/XMLSchema-instance" xsi:noNamespaceSchemaLocation="https://maven.apache.org/surefire/maven-surefire-plugin/xsd/surefire-test-report-3.0.xsd" version="3.0" name="com.example.athleteresults.controllers.CoachControllerTest" time="3.065" tests="6" errors="0" skipped="0" failures="0">
  <properties>
[...]
</properties>
  <testcase name="deleteCoach_shouldReturnOk" classname="com.example.athleteresults.controllers.CoachControllerTest" time="0.076">
    <system-out><![CDATA[2026-01-10T13:20:15.304+01:00  INFO 5888 --- [           main] t.c.s.AnnotationConfigContextLoaderUtils : Could not detect default configuration classes for test class [com.example.athleteresults.controllers.CoachControllerTest]: CoachControllerTest does not declare any static, non-private, non-final, nested classes annotated with @Configuration.
2026-01-10T13:20:15.352+01:00  INFO 5888 --- [           main] .b.t.c.SpringBootTestContextBootstrapper : Found @SpringBootConfiguration com.example.athleteresults.AthleteResultsApiApplication for test class com.example.athleteresults.controllers.CoachControllerTest

  .   ____          _            __ _ _
 /\\ / ___'_ __ _ _(_)_ __  __ _ \ \ \ \
( ( )\___ | '_ | '_| | '_ \/ _` | \ \ \ \
 \\/  ___)| |_)| | | | | || (_| |  ) ) ) )
  '  |____| .__|_| |_|_| |_\__, | / / / /
 =========|_|==============|___/=/_/_/_/

 :: Spring Boot ::                (v3.3.3)

2026-01-10T13:20:15.464+01:00  INFO 5888 --- [           main] c.e.a.controllers.CoachControllerTest    : Starting CoachControllerTest using Java 21.0.4 with PID 5888 (started by User in C:\Users\User\Desktop\athlete-results-pg azure\AthleteTracker)
2026-01-10T13:20:15.465+01:00  INFO 5888 --- [           main] c.e.a.controllers.CoachControllerTest    : No active profile set, falling back to 1 default profile: "default"
2026-01-10T13:20:17.625+01:00  WARN 5888 --- [           main] .s.s.UserDetailsServiceAutoConfiguration : 

Using generated security password: a63539e3-5c78-4a1b-9477-c1efc3dffd1f

This generated password is for development use only. Your security configuration must be updated before running your application in production.

2026-01-10T13:20:17.628+01:00  INFO 5888 --- [           main] r$InitializeUserDetailsManagerConfigurer : Global AuthenticationManager configured with UserDetailsService bean with name inMemoryUserDetailsManager
2026-01-10T13:20:17.694+01:00  INFO 5888 --- [           main] o.s.b.t.m.w.SpringBootMockServletContext : Initializing Spring TestDispatcherServlet ''
2026-01-10T13:20:17.694+01:00  INFO 5888 --- [           main] o.s.t.web.servlet.TestDispatcherServlet  : Initializing Servlet ''
2026-01-10T13:20:17.697+01:00  INFO 5888 --- [           main] o.s.t.web.servlet.TestDispatcherServlet  : Completed initialization in 3 ms
2026-01-10T13:20:17.743+01:00  INFO 5888 --- [           main] c.e.a.controllers.CoachControllerTest    : Started CoachControllerTest in 2.378 seconds (process running for 42.666)
]]></system-out>
  </testcase>
  <testcase name="getCoach_otherCoach_shouldBeForbidden" classname="com.example.athleteresults.controllers.CoachControllerTest" time="0.022"/>
  <testcase name="getAllCoaches_admin_shouldReturnList" classname="com.example.athleteresults.controllers.CoachControllerTest" time="0.321"/>
  <testcase name="getCoach_self_shouldReturnCoach" classname="com.example.athleteresults.controllers.CoachControllerTest" time="0.034"/>
  <testcase name="getLoggedCoach_shouldReturnCoach" classname="com.example.athleteresults.controllers.CoachControllerTest" time="0.079"/>
  <testcase name="createCoach_shouldReturnCreated" classname="com.example.athleteresults.controllers.CoachControllerTest" time="0.043"/>
</testsuite>